<?xml version="1.0" encoding="UTF-8"?>
<testsuites name="User" time="34" tests="0" failures="1" errors="1">
   <testsuite name="User" tests="0" failures="1" errors="1" time="34" timestamp="2018-07-24 17:53:54" hostname="slk - WSLK1FFTRFW-12.SLKSOFT.COM" id="Test Suites/User">
      <properties>
         <property name="deviceName" value=""/>
         <property name="devicePlatform" value=""/>
         <property name="logFolder" value="C:\\Users\\slk.WSLK1FFTRFW-12.003\\Katalon Studio\\Demo 2\\Reports\\User\\20180724_175353"/>
         <property name="logFiles" value="C:\\Users\\slk.WSLK1FFTRFW-12.003\\Katalon Studio\\Demo 2\\Reports\\User\\20180724_175353\\execution0.log"/>
         <property name="attachments" value=""/>
         <property name="hostName" value="slk - WSLK1FFTRFW-12.SLKSOFT.COM"/>
         <property name="os" value="Windows 7 64bit"/>
         <property name="katalonVersion" value="5.5.0.1"/>
         <property name="browser" value="Chrome 67.0.3396.99"/>
         <property name="hostAddress" value="192.168.56.1"/>
         <property name="sessionId" value="287bbff5f9c8cfd93dc546e1a584fb39"/>
         <property name="seleniumVersion" value="3.7.1"/>
         <property name="proxyInformation" value="ProxyInformation{proxyOption=NO_PROXY, proxyServerType=HTTP, password=, proxyServerAddress=, proxyServerPort=0}"/>
         <property name="platform" value="Windows 7"/>
      </properties>
      <testcase name="Test Cases/Validate/Test 1" classname="Test Cases/Validate/Test 1" status="FAILED">
         <failure type="FAILED" message="Unable to click on object 'Object Repository/User/Page_OrangeHRM/a_Employee List' (Root cause: org.openqa.selenium.NoSuchWindowException: no such window: target window already closed
from unknown error: web view not found
  (Session info: chrome=67.0.3396.99)
  (Driver info: chromedriver=2.35.528161 (5b82f2d2aae0ca24b877009200ced9065a772e73),platform=Windows NT 6.1.7601 SP1 x86_64) (WARNING: The server did not provide any stacktrace information)
Command duration or timeout: 0 milliseconds
Build info: version: '3.7.1', revision: '8a0099a', time: '2017-11-06T21:07:36.161Z'
System info: host: 'WSLK1FFTRFW-12', ip: '192.168.56.1', os.name: 'Windows 7', os.arch: 'amd64', os.version: '6.1', java.version: '1.8.0_102'
Driver info: com.kms.katalon.selenium.driver.CChromeDriver
Capabilities {acceptInsecureCerts: false, acceptSslCerts: false, applicationCacheEnabled: false, browserConnectionEnabled: false, browserName: chrome, chrome: {chromedriverVersion: 2.35.528161 (5b82f2d2aae0ca..., userDataDir: C:\Users\SLKWSL~1.003\AppDa...}, cssSelectorsEnabled: true, databaseEnabled: false, handlesAlerts: true, hasTouchScreen: false, javascriptEnabled: true, locationContextEnabled: true, mobileEmulationEnabled: false, nativeEvents: true, networkConnectionEnabled: false, pageLoadStrategy: normal, platform: XP, platformName: XP, rotatable: false, setWindowRect: true, takesHeapSnapshot: true, takesScreenshot: true, unexpectedAlertBehaviour: , unhandledPromptBehavior: , version: 67.0.3396.99, webStorageEnabled: true}
Session ID: b7a2b459a38bfed525b58570994297c8
*** Element info: {Using=xpath, value=//a[@href = '/index.php/pim/viewEmployeeList/reset/1' and @id = 'menu_pim_viewEmployeeList' and (text() = 'Employee List' or . = 'Employee List')]})"/>
         <system-out><![CDATA[2018-07-24 17:53:54 - [TEST_CASE][FAILED] - Test Cases/Validate/Test 1: Test Cases/Validate/Test 1 FAILED because (of) Unable to click on object 'Object Repository/User/Page_OrangeHRM/a_Employee List' (Root cause: org.openqa.selenium.NoSuchWindowException: no such window: target window already closed
from unknown error: web view not found
  (Session info: chrome=67.0.3396.99)
  (Driver info: chromedriver=2.35.528161 (5b82f2d2aae0ca24b877009200ced9065a772e73),platform=Windows NT 6.1.7601 SP1 x86_64) (WARNING: The server did not provide any stacktrace information)
Command duration or timeout: 0 milliseconds
Build info: version: '3.7.1', revision: '8a0099a', time: '2017-11-06T21:07:36.161Z'
System info: host: 'WSLK1FFTRFW-12', ip: '192.168.56.1', os.name: 'Windows 7', os.arch: 'amd64', os.version: '6.1', java.version: '1.8.0_102'
Driver info: com.kms.katalon.selenium.driver.CChromeDriver
Capabilities {acceptInsecureCerts: false, acceptSslCerts: false, applicationCacheEnabled: false, browserConnectionEnabled: false, browserName: chrome, chrome: {chromedriverVersion: 2.35.528161 (5b82f2d2aae0ca..., userDataDir: C:\Users\SLKWSL~1.003\AppDa...}, cssSelectorsEnabled: true, databaseEnabled: false, handlesAlerts: true, hasTouchScreen: false, javascriptEnabled: true, locationContextEnabled: true, mobileEmulationEnabled: false, nativeEvents: true, networkConnectionEnabled: false, pageLoadStrategy: normal, platform: XP, platformName: XP, rotatable: false, setWindowRect: true, takesHeapSnapshot: true, takesScreenshot: true, unexpectedAlertBehaviour: , unhandledPromptBehavior: , version: 67.0.3396.99, webStorageEnabled: true}
Session ID: b7a2b459a38bfed525b58570994297c8
*** Element info: {Using=xpath, value=//a[@href = '/index.php/pim/viewEmployeeList/reset/1' and @id = 'menu_pim_viewEmployeeList' and (text() = 'Employee List' or . = 'Employee List')]})

2018-07-24 17:53:55 - [TEST_STEP][PASSED] - openBrowser: Browser is opened with url: ''

2018-07-24 17:53:58 - [MESSAGE][PASSED] - Browser is opened with url: ''

2018-07-24 17:53:58 - [TEST_STEP][PASSED] - navigateToUrl: Navigate to 'https://opensource-demo.orangehrmlive.com/' successfully

2018-07-24 17:54:03 - [MESSAGE][PASSED] - Navigate to 'https://opensource-demo.orangehrmlive.com/' successfully

2018-07-24 17:54:03 - [TEST_STEP][PASSED] - click: Object: 'Object Repository/User/Page_OrangeHRM/span_Username' is clicked on

2018-07-24 17:54:03 - [MESSAGE][PASSED] - Object: 'Object Repository/User/Page_OrangeHRM/span_Username' is clicked on

2018-07-24 17:54:03 - [TEST_STEP][PASSED] - setText: Text 'Admin' is set on object 'Object Repository/User/Page_OrangeHRM/input_txtUsername'

2018-07-24 17:54:03 - [MESSAGE][PASSED] - Text 'Admin' is set on object 'Object Repository/User/Page_OrangeHRM/input_txtUsername'

2018-07-24 17:54:03 - [TEST_STEP][PASSED] - setEncryptedText: Text ****** has been set on object 'Object Repository/User/Page_OrangeHRM/input_txtPassword'

2018-07-24 17:54:04 - [MESSAGE][PASSED] - Text ****** has been set on object 'Object Repository/User/Page_OrangeHRM/input_txtPassword'

2018-07-24 17:54:04 - [TEST_STEP][PASSED] - click: Object: 'Object Repository/User/Page_OrangeHRM/input_Submit' is clicked on

2018-07-24 17:54:06 - [MESSAGE][PASSED] - Object: 'Object Repository/User/Page_OrangeHRM/input_Submit' is clicked on

2018-07-24 17:54:06 - [TEST_STEP][PASSED] - click: Object: 'Object Repository/User/Page_OrangeHRM/b_PIM' is clicked on

2018-07-24 17:54:07 - [MESSAGE][PASSED] - Object: 'Object Repository/User/Page_OrangeHRM/b_PIM' is clicked on

2018-07-24 17:54:07 - [TEST_STEP][FAILED] - click: Unable to click on object 'Object Repository/User/Page_OrangeHRM/a_Employee List' (Root cause: org.openqa.selenium.NoSuchWindowException: no such window: target window already closed
from unknown error: web view not found
  (Session info: chrome=67.0.3396.99)
  (Driver info: chromedriver=2.35.528161 (5b82f2d2aae0ca24b877009200ced9065a772e73),platform=Windows NT 6.1.7601 SP1 x86_64) (WARNING: The server did not provide any stacktrace information)
Command duration or timeout: 0 milliseconds
Build info: version: '3.7.1', revision: '8a0099a', time: '2017-11-06T21:07:36.161Z'
System info: host: 'WSLK1FFTRFW-12', ip: '192.168.56.1', os.name: 'Windows 7', os.arch: 'amd64', os.version: '6.1', java.version: '1.8.0_102'
Driver info: com.kms.katalon.selenium.driver.CChromeDriver
Capabilities {acceptInsecureCerts: false, acceptSslCerts: false, applicationCacheEnabled: false, browserConnectionEnabled: false, browserName: chrome, chrome: {chromedriverVersion: 2.35.528161 (5b82f2d2aae0ca..., userDataDir: C:\Users\SLKWSL~1.003\AppDa...}, cssSelectorsEnabled: true, databaseEnabled: false, handlesAlerts: true, hasTouchScreen: false, javascriptEnabled: true, locationContextEnabled: true, mobileEmulationEnabled: false, nativeEvents: true, networkConnectionEnabled: false, pageLoadStrategy: normal, platform: XP, platformName: XP, rotatable: false, setWindowRect: true, takesHeapSnapshot: true, takesScreenshot: true, unexpectedAlertBehaviour: , unhandledPromptBehavior: , version: 67.0.3396.99, webStorageEnabled: true}
Session ID: b7a2b459a38bfed525b58570994297c8
*** Element info: {Using=xpath, value=//a[@href = '/index.php/pim/viewEmployeeList/reset/1' and @id = 'menu_pim_viewEmployeeList' and (text() = 'Employee List' or . = 'Employee List')]})

2018-07-24 17:54:07 - [MESSAGE][WARNING] - Cannot take screenshot

2018-07-24 17:54:07 - [MESSAGE][FAILED] - Unable to click on object 'Object Repository/User/Page_OrangeHRM/a_Employee List' (Root cause: org.openqa.selenium.NoSuchWindowException: no such window: target window already closed
from unknown error: web view not found
  (Session info: chrome=67.0.3396.99)
  (Driver info: chromedriver=2.35.528161 (5b82f2d2aae0ca24b877009200ced9065a772e73),platform=Windows NT 6.1.7601 SP1 x86_64) (WARNING: The server did not provide any stacktrace information)
Command duration or timeout: 0 milliseconds
Build info: version: '3.7.1', revision: '8a0099a', time: '2017-11-06T21:07:36.161Z'
System info: host: 'WSLK1FFTRFW-12', ip: '192.168.56.1', os.name: 'Windows 7', os.arch: 'amd64', os.version: '6.1', java.version: '1.8.0_102'
Driver info: com.kms.katalon.selenium.driver.CChromeDriver
Capabilities {acceptInsecureCerts: false, acceptSslCerts: false, applicationCacheEnabled: false, browserConnectionEnabled: false, browserName: chrome, chrome: {chromedriverVersion: 2.35.528161 (5b82f2d2aae0ca..., userDataDir: C:\Users\SLKWSL~1.003\AppDa...}, cssSelectorsEnabled: true, databaseEnabled: false, handlesAlerts: true, hasTouchScreen: false, javascriptEnabled: true, locationContextEnabled: true, mobileEmulationEnabled: false, nativeEvents: true, networkConnectionEnabled: false, pageLoadStrategy: normal, platform: XP, platformName: XP, rotatable: false, setWindowRect: true, takesHeapSnapshot: true, takesScreenshot: true, unexpectedAlertBehaviour: , unhandledPromptBehavior: , version: 67.0.3396.99, webStorageEnabled: true}
Session ID: b7a2b459a38bfed525b58570994297c8
*** Element info: {Using=xpath, value=//a[@href = '/index.php/pim/viewEmployeeList/reset/1' and @id = 'menu_pim_viewEmployeeList' and (text() = 'Employee List' or . = 'Employee List')]})]]></system-out>
         <system-err><![CDATA[2018-07-24 17:53:54 - [TEST_CASE][FAILED] - Test Cases/Validate/Test 1: Test Cases/Validate/Test 1 FAILED because (of) Unable to click on object 'Object Repository/User/Page_OrangeHRM/a_Employee List' (Root cause: org.openqa.selenium.NoSuchWindowException: no such window: target window already closed
from unknown error: web view not found
  (Session info: chrome=67.0.3396.99)
  (Driver info: chromedriver=2.35.528161 (5b82f2d2aae0ca24b877009200ced9065a772e73),platform=Windows NT 6.1.7601 SP1 x86_64) (WARNING: The server did not provide any stacktrace information)
Command duration or timeout: 0 milliseconds
Build info: version: '3.7.1', revision: '8a0099a', time: '2017-11-06T21:07:36.161Z'
System info: host: 'WSLK1FFTRFW-12', ip: '192.168.56.1', os.name: 'Windows 7', os.arch: 'amd64', os.version: '6.1', java.version: '1.8.0_102'
Driver info: com.kms.katalon.selenium.driver.CChromeDriver
Capabilities {acceptInsecureCerts: false, acceptSslCerts: false, applicationCacheEnabled: false, browserConnectionEnabled: false, browserName: chrome, chrome: {chromedriverVersion: 2.35.528161 (5b82f2d2aae0ca..., userDataDir: C:\Users\SLKWSL~1.003\AppDa...}, cssSelectorsEnabled: true, databaseEnabled: false, handlesAlerts: true, hasTouchScreen: false, javascriptEnabled: true, locationContextEnabled: true, mobileEmulationEnabled: false, nativeEvents: true, networkConnectionEnabled: false, pageLoadStrategy: normal, platform: XP, platformName: XP, rotatable: false, setWindowRect: true, takesHeapSnapshot: true, takesScreenshot: true, unexpectedAlertBehaviour: , unhandledPromptBehavior: , version: 67.0.3396.99, webStorageEnabled: true}
Session ID: b7a2b459a38bfed525b58570994297c8
*** Element info: {Using=xpath, value=//a[@href = '/index.php/pim/viewEmployeeList/reset/1' and @id = 'menu_pim_viewEmployeeList' and (text() = 'Employee List' or . = 'Employee List')]})]]></system-err>
      </testcase>
      <testcase name="Test Cases/Katalon Recorder/Test 11" classname="Test Cases/Katalon Recorder/Test 11" status="ERROR">
         <error type="ERROR" message="Test Cases/Katalon Recorder/Test 11 FAILED because (of) Variable 'KEY_ENTER' is not defined for test case."/>
         <system-out><![CDATA[2018-07-24 17:54:07 - [TEST_CASE][ERROR] - Test Cases/Katalon Recorder/Test 11: Test Cases/Katalon Recorder/Test 11 FAILED because (of) Variable 'KEY_ENTER' is not defined for test case.

2018-07-24 17:54:07 - [TEST_STEP][PASSED] - openBrowser: Browser is opened with url: 'https://www.katalon.com/'

2018-07-24 17:54:07 - [MESSAGE][WARNING] - A browser is already opened. Closing browser and opening a new one

2018-07-24 17:54:25 - [MESSAGE][PASSED] - Browser is opened with url: 'https://www.katalon.com/'

2018-07-24 17:54:25 - [TEST_STEP][PASSED] - Statement - driver = com.kms.katalon.core.webui.driver.DriverFactory.getWebDriver(): null

2018-07-24 17:54:25 - [TEST_STEP][PASSED] - Statement - baseUrl = "https://www.katalon.com/": null

2018-07-24 17:54:25 - [TEST_STEP][PASSED] - Statement - selenium = new com.thoughtworks.selenium.webdriven.WebDriverBackedSelenium(driver, baseUrl): null

2018-07-24 17:54:25 - [TEST_STEP][PASSED] - Statement - selenium.open("https://www.google.com/"): null

2018-07-24 17:54:26 - [TEST_STEP][PASSED] - Statement - selenium.type("id=lst-ib", "automation testing"): null

2018-07-24 17:54:26 - [TEST_STEP][PASSED] - Statement - selenium.close(): null

2018-07-24 17:54:28 - [TEST_STEP][PASSED] - Statement - selenium.sendKeys("id=lst-ib", $KEY_ENTER): null]]></system-out>
         <system-err><![CDATA[2018-07-24 17:54:07 - [TEST_CASE][ERROR] - Test Cases/Katalon Recorder/Test 11: Test Cases/Katalon Recorder/Test 11 FAILED because (of) Variable 'KEY_ENTER' is not defined for test case.]]></system-err>
      </testcase>
      <system-out><![CDATA[2018-07-24 17:53:54 - [TEST_SUITE][FAILED] - User: Test Cases/Validate/Test 1 FAILED because (of) Unable to click on object 'Object Repository/User/Page_OrangeHRM/a_Employee List' (Root cause: org.openqa.selenium.NoSuchWindowException: no such window: target window already closed
from unknown error: web view not found
  (Session info: chrome=67.0.3396.99)
  (Driver info: chromedriver=2.35.528161 (5b82f2d2aae0ca24b877009200ced9065a772e73),platform=Windows NT 6.1.7601 SP1 x86_64) (WARNING: The server did not provide any stacktrace information)
Command duration or timeout: 0 milliseconds
Build info: version: '3.7.1', revision: '8a0099a', time: '2017-11-06T21:07:36.161Z'
System info: host: 'WSLK1FFTRFW-12', ip: '192.168.56.1', os.name: 'Windows 7', os.arch: 'amd64', os.version: '6.1', java.version: '1.8.0_102'
Driver info: com.kms.katalon.selenium.driver.CChromeDriver
Capabilities {acceptInsecureCerts: false, acceptSslCerts: false, applicationCacheEnabled: false, browserConnectionEnabled: false, browserName: chrome, chrome: {chromedriverVersion: 2.35.528161 (5b82f2d2aae0ca..., userDataDir: C:\Users\SLKWSL~1.003\AppDa...}, cssSelectorsEnabled: true, databaseEnabled: false, handlesAlerts: true, hasTouchScreen: false, javascriptEnabled: true, locationContextEnabled: true, mobileEmulationEnabled: false, nativeEvents: true, networkConnectionEnabled: false, pageLoadStrategy: normal, platform: XP, platformName: XP, rotatable: false, setWindowRect: true, takesHeapSnapshot: true, takesScreenshot: true, unexpectedAlertBehaviour: , unhandledPromptBehavior: , version: 67.0.3396.99, webStorageEnabled: true}
Session ID: b7a2b459a38bfed525b58570994297c8
*** Element info: {Using=xpath, value=//a[@href = '/index.php/pim/viewEmployeeList/reset/1' and @id = 'menu_pim_viewEmployeeList' and (text() = 'Employee List' or . = 'Employee List')]})]]></system-out>
      <system-err><![CDATA[2018-07-24 17:53:54 - [TEST_SUITE][FAILED] - User: Test Cases/Validate/Test 1 FAILED because (of) Unable to click on object 'Object Repository/User/Page_OrangeHRM/a_Employee List' (Root cause: org.openqa.selenium.NoSuchWindowException: no such window: target window already closed
from unknown error: web view not found
  (Session info: chrome=67.0.3396.99)
  (Driver info: chromedriver=2.35.528161 (5b82f2d2aae0ca24b877009200ced9065a772e73),platform=Windows NT 6.1.7601 SP1 x86_64) (WARNING: The server did not provide any stacktrace information)
Command duration or timeout: 0 milliseconds
Build info: version: '3.7.1', revision: '8a0099a', time: '2017-11-06T21:07:36.161Z'
System info: host: 'WSLK1FFTRFW-12', ip: '192.168.56.1', os.name: 'Windows 7', os.arch: 'amd64', os.version: '6.1', java.version: '1.8.0_102'
Driver info: com.kms.katalon.selenium.driver.CChromeDriver
Capabilities {acceptInsecureCerts: false, acceptSslCerts: false, applicationCacheEnabled: false, browserConnectionEnabled: false, browserName: chrome, chrome: {chromedriverVersion: 2.35.528161 (5b82f2d2aae0ca..., userDataDir: C:\Users\SLKWSL~1.003\AppDa...}, cssSelectorsEnabled: true, databaseEnabled: false, handlesAlerts: true, hasTouchScreen: false, javascriptEnabled: true, locationContextEnabled: true, mobileEmulationEnabled: false, nativeEvents: true, networkConnectionEnabled: false, pageLoadStrategy: normal, platform: XP, platformName: XP, rotatable: false, setWindowRect: true, takesHeapSnapshot: true, takesScreenshot: true, unexpectedAlertBehaviour: , unhandledPromptBehavior: , version: 67.0.3396.99, webStorageEnabled: true}
Session ID: b7a2b459a38bfed525b58570994297c8
*** Element info: {Using=xpath, value=//a[@href = '/index.php/pim/viewEmployeeList/reset/1' and @id = 'menu_pim_viewEmployeeList' and (text() = 'Employee List' or . = 'Employee List')]})]]></system-err>
   </testsuite>
</testsuites>
