<?xml version="1.0" encoding="UTF-8"?>
<testsuites name="User" time="30" tests="1" failures="0" errors="1">
   <testsuite name="User" tests="1" failures="0" errors="1" time="30" timestamp="2018-07-24 17:58:04" hostname="slk - WSLK1FFTRFW-12.SLKSOFT.COM" id="Test Suites/User">
      <properties>
         <property name="deviceName" value=""/>
         <property name="devicePlatform" value=""/>
         <property name="logFolder" value="C:\\Users\\slk.WSLK1FFTRFW-12.003\\Katalon Studio\\Demo 2\\Reports\\User\\20180724_175802"/>
         <property name="logFiles" value="C:\\Users\\slk.WSLK1FFTRFW-12.003\\Katalon Studio\\Demo 2\\Reports\\User\\20180724_175802\\execution0.log"/>
         <property name="attachments" value=""/>
         <property name="hostName" value="slk - WSLK1FFTRFW-12.SLKSOFT.COM"/>
         <property name="os" value="Windows 7 64bit"/>
         <property name="katalonVersion" value="5.5.0.1"/>
         <property name="browser" value="Chrome 67.0.3396.99"/>
         <property name="hostAddress" value="192.168.56.1"/>
         <property name="sessionId" value="977f88981461c7855614a6e04dc6b438"/>
         <property name="seleniumVersion" value="3.7.1"/>
         <property name="proxyInformation" value="ProxyInformation{proxyOption=NO_PROXY, proxyServerType=HTTP, password=, proxyServerAddress=, proxyServerPort=0}"/>
         <property name="platform" value="Windows 7"/>
      </properties>
      <testcase name="Test Cases/Validate/Test 1" classname="Test Cases/Validate/Test 1" status="PASSED">
         <system-out><![CDATA[2018-07-24 17:58:04 - [TEST_CASE][PASSED] - Test Cases/Validate/Test 1: Test Cases/Validate/Test 1

2018-07-24 17:58:04 - [TEST_STEP][PASSED] - openBrowser: Browser is opened with url: ''

2018-07-24 17:58:07 - [MESSAGE][PASSED] - Browser is opened with url: ''

2018-07-24 17:58:07 - [TEST_STEP][PASSED] - navigateToUrl: Navigate to 'https://opensource-demo.orangehrmlive.com/' successfully

2018-07-24 17:58:13 - [MESSAGE][PASSED] - Navigate to 'https://opensource-demo.orangehrmlive.com/' successfully

2018-07-24 17:58:13 - [TEST_STEP][PASSED] - click: Object: 'Object Repository/User/Page_OrangeHRM/span_Username' is clicked on

2018-07-24 17:58:13 - [MESSAGE][PASSED] - Object: 'Object Repository/User/Page_OrangeHRM/span_Username' is clicked on

2018-07-24 17:58:13 - [TEST_STEP][PASSED] - setText: Text 'Admin' is set on object 'Object Repository/User/Page_OrangeHRM/input_txtUsername'

2018-07-24 17:58:13 - [MESSAGE][PASSED] - Text 'Admin' is set on object 'Object Repository/User/Page_OrangeHRM/input_txtUsername'

2018-07-24 17:58:13 - [TEST_STEP][PASSED] - setEncryptedText: Text ****** has been set on object 'Object Repository/User/Page_OrangeHRM/input_txtPassword'

2018-07-24 17:58:13 - [MESSAGE][PASSED] - Text ****** has been set on object 'Object Repository/User/Page_OrangeHRM/input_txtPassword'

2018-07-24 17:58:13 - [TEST_STEP][PASSED] - click: Object: 'Object Repository/User/Page_OrangeHRM/input_Submit' is clicked on

2018-07-24 17:58:15 - [MESSAGE][PASSED] - Object: 'Object Repository/User/Page_OrangeHRM/input_Submit' is clicked on

2018-07-24 17:58:15 - [TEST_STEP][PASSED] - click: Object: 'Object Repository/User/Page_OrangeHRM/b_PIM' is clicked on

2018-07-24 17:58:17 - [MESSAGE][PASSED] - Object: 'Object Repository/User/Page_OrangeHRM/b_PIM' is clicked on

2018-07-24 17:58:17 - [TEST_STEP][PASSED] - click: Object: 'Object Repository/User/Page_OrangeHRM/a_Employee List' is clicked on

2018-07-24 17:58:18 - [MESSAGE][PASSED] - Object: 'Object Repository/User/Page_OrangeHRM/a_Employee List' is clicked on

2018-07-24 17:58:18 - [TEST_STEP][PASSED] - click: Object: 'Object Repository/User/Page_OrangeHRM/a_venki ssss' is clicked on

2018-07-24 17:58:19 - [MESSAGE][PASSED] - Object: 'Object Repository/User/Page_OrangeHRM/a_venki ssss' is clicked on

2018-07-24 17:58:19 - [TEST_STEP][PASSED] - click: Object: 'Object Repository/User/Page_OrangeHRM/input_btnSave' is clicked on

2018-07-24 17:58:19 - [MESSAGE][PASSED] - Object: 'Object Repository/User/Page_OrangeHRM/input_btnSave' is clicked on

2018-07-24 17:58:19 - [TEST_STEP][PASSED] - selectOptionByValue: All options with value '1' are selected in object 'Object Repository/User/Page_OrangeHRM/select_-- Select --AfghanAlban'  using regular expression

2018-07-24 17:58:20 - [MESSAGE][PASSED] - All options with value '1' are selected in object 'Object Repository/User/Page_OrangeHRM/select_-- Select --AfghanAlban'  using regular expression

2018-07-24 17:58:20 - [TEST_STEP][PASSED] - click: Object: 'Object Repository/User/Page_OrangeHRM/input_btnSave' is clicked on

2018-07-24 17:58:22 - [MESSAGE][PASSED] - Object: 'Object Repository/User/Page_OrangeHRM/input_btnSave' is clicked on

2018-07-24 17:58:22 - [TEST_STEP][PASSED] - closeBrowser: Browser is closed

2018-07-24 17:58:22 - [MESSAGE][PASSED] - Browser is closed]]></system-out>
         <system-err><![CDATA[]]></system-err>
      </testcase>
      <testcase name="Test Cases/Katalon Recorder/Test 11" classname="Test Cases/Katalon Recorder/Test 11" status="ERROR">
         <error type="ERROR" message="Test Cases/Katalon Recorder/Test 11 FAILED because (of) Variable 'KEY_ENTER' is not defined for test case."/>
         <system-out><![CDATA[2018-07-24 17:58:22 - [TEST_CASE][ERROR] - Test Cases/Katalon Recorder/Test 11: Test Cases/Katalon Recorder/Test 11 FAILED because (of) Variable 'KEY_ENTER' is not defined for test case.

2018-07-24 17:58:23 - [TEST_STEP][PASSED] - openBrowser: Browser is opened with url: 'https://www.katalon.com/'

2018-07-24 17:58:31 - [MESSAGE][PASSED] - Browser is opened with url: 'https://www.katalon.com/'

2018-07-24 17:58:31 - [TEST_STEP][PASSED] - Statement - driver = com.kms.katalon.core.webui.driver.DriverFactory.getWebDriver(): null

2018-07-24 17:58:31 - [TEST_STEP][PASSED] - Statement - baseUrl = "https://www.katalon.com/": null

2018-07-24 17:58:31 - [TEST_STEP][PASSED] - Statement - selenium = new com.thoughtworks.selenium.webdriven.WebDriverBackedSelenium(driver, baseUrl): null

2018-07-24 17:58:31 - [TEST_STEP][PASSED] - Statement - selenium.open("https://www.google.com/"): null

2018-07-24 17:58:32 - [TEST_STEP][PASSED] - Statement - selenium.type("id=lst-ib", "automation testing"): null

2018-07-24 17:58:32 - [TEST_STEP][PASSED] - Statement - selenium.close(): null

2018-07-24 17:58:34 - [TEST_STEP][PASSED] - Statement - selenium.sendKeys("id=lst-ib", $KEY_ENTER): null]]></system-out>
         <system-err><![CDATA[2018-07-24 17:58:22 - [TEST_CASE][ERROR] - Test Cases/Katalon Recorder/Test 11: Test Cases/Katalon Recorder/Test 11 FAILED because (of) Variable 'KEY_ENTER' is not defined for test case.]]></system-err>
      </testcase>
      <system-out><![CDATA[2018-07-24 17:58:04 - [TEST_SUITE][ERROR] - User: Test Cases/Katalon Recorder/Test 11 FAILED because (of) Variable 'KEY_ENTER' is not defined for test case.]]></system-out>
      <system-err><![CDATA[2018-07-24 17:58:04 - [TEST_SUITE][ERROR] - User: Test Cases/Katalon Recorder/Test 11 FAILED because (of) Variable 'KEY_ENTER' is not defined for test case.]]></system-err>
   </testsuite>
</testsuites>
